# JRE version: OpenJDK Runtime Environment Temurin-17+35 (17.0+35) (build 17+35)
# Java VM: OpenJDK 64-Bit Server VM Temurin-17+35 (17+35, mixed mode, tiered, compressed oops, compressed class ptrs, g1 gc, windows-amd64)
GC Precious Log:
 CPUs: 16 total, 16 available
 Memory: 10085M
 Large Page Support: Disabled
 NUMA Support: Disabled
 Compressed Oops: Enabled (Zero based)
 Heap Region Size: 2M
 Heap Min Capacity: 8M
 Heap Initial Capacity: 158M
 Heap Max Capacity: 2522M
 Pre-touch: Disabled
 Parallel Workers: 13
 Concurrent Workers: 3
 Concurrent Refinement Workers: 13
 Periodic GC: Disabled
Heap:
 garbage-first heap   total 63488K, used 32743K [0x0000000762600000, 0x0000000800000000)
  region size 2048K, 9 young (18432K), 2 survivors (4096K)
 Metaspace       used 49723K, committed 50176K, reserved 1097728K
  class space    used 6034K, committed 6272K, reserved 1048576K
GC Heap History (20 events):
Event: 0.681 GC heap before
{Heap before GC invocations=0 (full 0):
 garbage-first heap   total 161792K, used 22528K [0x0000000762600000, 0x0000000800000000)
  region size 2048K, 11 young (22528K), 0 survivors (0K)
 Metaspace       used 12380K, committed 12608K, reserved 1064960K
  class space    used 1208K, committed 1344K, reserved 1048576K
}
Event: 0.685 GC heap after
{Heap after GC invocations=1 (full 0):
 garbage-first heap   total 161792K, used 6629K [0x0000000762600000, 0x0000000800000000)
  region size 2048K, 2 young (4096K), 2 survivors (4096K)
 Metaspace       used 12380K, committed 12608K, reserved 1064960K
  class space    used 1208K, committed 1344K, reserved 1048576K
}
Event: 1.253 GC heap before
{Heap before GC invocations=1 (full 0):
 garbage-first heap   total 161792K, used 33253K [0x0000000762600000, 0x0000000800000000)
  region size 2048K, 15 young (30720K), 2 survivors (4096K)
 Metaspace       used 19931K, committed 20288K, reserved 1073152K
  class space    used 2150K, committed 2304K, reserved 1048576K
}
Event: 1.260 GC heap after
{Heap after GC invocations=2 (full 0):
 garbage-first heap   total 161792K, used 9160K [0x0000000762600000, 0x0000000800000000)
  region size 2048K, 2 young (4096K), 2 survivors (4096K)
 Metaspace       used 19931K, committed 20288K, reserved 1073152K
  class space    used 2150K, committed 2304K, reserved 1048576K
}
Event: 1.328 GC heap before
{Heap before GC invocations=2 (full 0):
 garbage-first heap   total 161792K, used 13256K [0x0000000762600000, 0x0000000800000000)
  region size 2048K, 5 young (10240K), 2 survivors (4096K)
 Metaspace       used 21186K, committed 21504K, reserved 1073152K
  class space    used 2289K, committed 2432K, reserved 1048576K
}
Event: 1.331 GC heap after
{Heap after GC invocations=3 (full 0):
 garbage-first heap   total 161792K, used 9524K [0x0000000762600000, 0x0000000800000000)
  region size 2048K, 2 young (4096K), 2 survivors (4096K)
 Metaspace       used 21186K, committed 21504K, reserved 1073152K
  class space    used 2289K, committed 2432K, reserved 1048576K
}
Event: 1.696 GC heap before
{Heap before GC invocations=4 (full 0):
 garbage-first heap   total 49152K, used 34100K [0x0000000762600000, 0x0000000800000000)
  region size 2048K, 14 young (28672K), 2 survivors (4096K)
 Metaspace       used 26284K, committed 26624K, reserved 1073152K
  class space    used 2991K, committed 3136K, reserved 1048576K
}
Event: 1.703 GC heap after
{Heap after GC invocations=5 (full 0):
 garbage-first heap   total 49152K, used 11711K [0x0000000762600000, 0x0000000800000000)
  region size 2048K, 2 young (4096K), 2 survivors (4096K)
 Metaspace       used 26284K, committed 26624K, reserved 1073152K
  class space    used 2991K, committed 3136K, reserved 1048576K
}
Event: 1.773 GC heap before
{Heap before GC invocations=5 (full 0):
 garbage-first heap   total 49152K, used 13759K [0x0000000762600000, 0x0000000800000000)
  region size 2048K, 3 young (6144K), 2 survivors (4096K)
 Metaspace       used 26495K, committed 26880K, reserved 1073152K
  class space    used 3014K, committed 3200K, reserved 1048576K
}
Event: 1.779 GC heap after
{Heap after GC invocations=6 (full 0):
 garbage-first heap   total 49152K, used 12195K [0x0000000762600000, 0x0000000800000000)
  region size 2048K, 1 young (2048K), 1 survivors (2048K)
 Metaspace       used 26495K, committed 26880K, reserved 1073152K
  class space    used 3014K, committed 3200K, reserved 1048576K
}
Event: 2.242 GC heap before
{Heap before GC invocations=6 (full 0):
 garbage-first heap   total 49152K, used 30627K [0x0000000762600000, 0x0000000800000000)
  region size 2048K, 10 young (20480K), 1 survivors (2048K)
 Metaspace       used 28904K, committed 29312K, reserved 1081344K
  class space    used 3295K, committed 3520K, reserved 1048576K
}
Event: 2.247 GC heap after
{Heap after GC invocations=7 (full 0):
 garbage-first heap   total 63488K, used 13346K [0x0000000762600000, 0x0000000800000000)
  region size 2048K, 1 young (2048K), 1 survivors (2048K)
 Metaspace       used 28904K, committed 29312K, reserved 1081344K
  class space    used 3295K, committed 3520K, reserved 1048576K
}
Event: 3.092 GC heap before
{Heap before GC invocations=7 (full 0):
 garbage-first heap   total 63488K, used 42018K [0x0000000762600000, 0x0000000800000000)
  region size 2048K, 16 young (32768K), 1 survivors (2048K)
 Metaspace       used 35425K, committed 35840K, reserved 1081344K
  class space    used 4170K, committed 4352K, reserved 1048576K
}
Event: 3.099 GC heap after
{Heap after GC invocations=8 (full 0):
 garbage-first heap   total 63488K, used 16144K [0x0000000762600000, 0x0000000800000000)
  region size 2048K, 2 young (4096K), 2 survivors (4096K)
 Metaspace       used 35425K, committed 35840K, reserved 1081344K
  class space    used 4170K, committed 4352K, reserved 1048576K
}
Event: 3.124 GC heap before
{Heap before GC invocations=8 (full 0):
 garbage-first heap   total 63488K, used 16144K [0x0000000762600000, 0x0000000800000000)
  region size 2048K, 3 young (6144K), 2 survivors (4096K)
 Metaspace       used 35613K, committed 35968K, reserved 1081344K
  class space    used 4199K, committed 4352K, reserved 1048576K
}
Event: 3.127 GC heap after
{Heap after GC invocations=9 (full 0):
 garbage-first heap   total 63488K, used 16834K [0x0000000762600000, 0x0000000800000000)
  region size 2048K, 1 young (2048K), 1 survivors (2048K)
 Metaspace       used 35613K, committed 35968K, reserved 1081344K
  class space    used 4199K, committed 4352K, reserved 1048576K
}
Event: 3.773 GC heap before
{Heap before GC invocations=10 (full 0):
 garbage-first heap   total 63488K, used 45506K [0x0000000762600000, 0x0000000800000000)
  region size 2048K, 15 young (30720K), 1 survivors (2048K)
 Metaspace       used 41487K, committed 41920K, reserved 1089536K
  class space    used 4925K, committed 5120K, reserved 1048576K
}
Event: 3.776 GC heap after
{Heap after GC invocations=11 (full 0):
 garbage-first heap   total 63488K, used 19662K [0x0000000762600000, 0x0000000800000000)
  region size 2048K, 2 young (4096K), 2 survivors (4096K)
 Metaspace       used 41487K, committed 41920K, reserved 1089536K
  class space    used 4925K, committed 5120K, reserved 1048576K
}
Event: 4.403 GC heap before
{Heap before GC invocations=11 (full 0):
 garbage-first heap   total 63488K, used 46286K [0x0000000762600000, 0x0000000800000000)
  region size 2048K, 15 young (30720K), 2 survivors (4096K)
 Metaspace       used 46648K, committed 47104K, reserved 1097728K
  class space    used 5620K, committed 5824K, reserved 1048576K
}
Event: 4.407 GC heap after
{Heap after GC invocations=12 (full 0):
 garbage-first heap   total 63488K, used 22503K [0x0000000762600000, 0x0000000800000000)
  region size 2048K, 2 young (4096K), 2 survivors (4096K)
 Metaspace       used 46648K, committed 47104K, reserved 1097728K
  class space    used 5620K, committed 5824K, reserved 1048576K
}

